<?xml version="1.0" encoding="UTF-8"?>
<!-- Generated by org.testng.reporters.JUnitXMLReporter -->
<testsuite hostname="NXL75620" ignored="0" name="Default test" tests="3" failures="0" timestamp="04 九月 2018 07:19:43 GMT" time="49.403" errors="0">
  <testcase name="testCreateVendor" time="4.638" classname="com.nxp.EdgeScale.testcase.Vendor"/>
  <testcase name="testEditVendor" time="4.216" classname="com.nxp.EdgeScale.testcase.Vendor"/>
  <testcase name="testDeleteVendor" time="4.037" classname="com.nxp.EdgeScale.testcase.Vendor"/>
</testsuite> <!-- Default test -->
